46.0 APEX_CODE,FINEST;APEX_PROFILING,INFO;CALLOUT,INFO;DB,INFO;NBA,INFO;SYSTEM,DEBUG;VALIDATION,INFO;VISUALFORCE,INFO;WAVE,INFO;WORKFLOW,INFO
21:17:25.0 (836413)|USER_INFO|[EXTERNAL]|0052v00000U12l6|wfower@white-azalea.net|(GMT+09:00) 日本標準時 (Asia/Tokyo)|GMT+09:00
21:17:25.0 (884237)|EXECUTION_STARTED
21:17:25.0 (909684)|CODE_UNIT_STARTED|[EXTERNAL]|01p2v00000RDw3B|TestFizzBuzz.Buzz_Test()
21:17:25.0 (2317055)|HEAP_ALLOCATE|[79]|Bytes:3
21:17:25.0 (2374923)|HEAP_ALLOCATE|[84]|Bytes:152
21:17:25.0 (2393055)|HEAP_ALLOCATE|[399]|Bytes:408
21:17:25.0 (2408807)|HEAP_ALLOCATE|[412]|Bytes:408
21:17:25.0 (2420949)|HEAP_ALLOCATE|[520]|Bytes:48
21:17:25.0 (2452948)|HEAP_ALLOCATE|[139]|Bytes:6
21:17:25.0 (2470802)|HEAP_ALLOCATE|[EXTERNAL]|Bytes:17
21:17:25.0 (2506238)|METHOD_ENTRY|[2]|01p2v00000RDw3B|TestFizzBuzz.TestFizzBuzz()
21:17:25.0 (2517480)|STATEMENT_EXECUTE|[2]
21:17:25.0 (2526450)|STATEMENT_EXECUTE|[2]
21:17:25.0 (2555490)|HEAP_ALLOCATE|[52]|Bytes:5
21:17:25.0 (2585715)|HEAP_ALLOCATE|[58]|Bytes:5
21:17:25.0 (2595597)|HEAP_ALLOCATE|[66]|Bytes:7
21:17:25.0 (3117308)|SYSTEM_MODE_ENTER|false
21:17:25.0 (3140129)|HEAP_ALLOCATE|[EXTERNAL]|Bytes:5
21:17:25.0 (3152746)|SYSTEM_MODE_EXIT|false
21:17:25.0 (3166730)|METHOD_EXIT|[2]|TestFizzBuzz
21:17:25.0 (3223752)|SYSTEM_MODE_ENTER|false
21:17:25.0 (3231337)|HEAP_ALLOCATE|[22]|Bytes:5
21:17:25.0 (3236817)|STATEMENT_EXECUTE|[15]
21:17:25.0 (3238726)|STATEMENT_EXECUTE|[21]
21:17:25.0 (3242244)|HEAP_ALLOCATE|[22]|Bytes:4
21:17:25.0 (4630850)|VARIABLE_SCOPE_BEGIN|[3]|Fizzbuzz.instance|Fizzbuzz|true|true
21:17:25.0 (4655846)|HEAP_ALLOCATE|[22]|Bytes:6
21:17:25.0 (4673958)|METHOD_ENTRY|[1]|01p2v00000RDw2c|Fizzbuzz.Fizzbuzz()
21:17:25.0 (4679822)|STATEMENT_EXECUTE|[1]
21:17:25.0 (4683189)|STATEMENT_EXECUTE|[1]
21:17:25.0 (4690323)|HEAP_ALLOCATE|[3]|Bytes:5
21:17:25.0 (4695717)|STATEMENT_EXECUTE|[3]
21:17:25.0 (4708112)|HEAP_ALLOCATE|[3]|Bytes:4
21:17:25.0 (4729000)|CONSTRUCTOR_ENTRY|[3]|01p2v00000RDw2c|<init>()|Fizzbuzz
21:17:25.0 (4772333)|VARIABLE_SCOPE_BEGIN|[9]|this|Fizzbuzz|true|false
21:17:25.0 (4871564)|VARIABLE_ASSIGNMENT|[9]|this|{}|0x749e499e
21:17:25.0 (4888822)|HEAP_ALLOCATE|[22]|Bytes:5
21:17:25.0 (4895879)|STATEMENT_EXECUTE|[1]
21:17:25.0 (4898832)|HEAP_ALLOCATE|[22]|Bytes:5
21:17:25.0 (4909549)|HEAP_ALLOCATE|[22]|Bytes:6
21:17:25.0 (6018110)|STATEMENT_EXECUTE|[9]
21:17:25.0 (6031473)|CONSTRUCTOR_EXIT|[3]|01p2v00000RDw2c|<init>()|Fizzbuzz
21:17:25.0 (6061613)|VARIABLE_ASSIGNMENT|[3]|Fizzbuzz.instance|{}|0x749e499e
21:17:25.0 (6073888)|METHOD_EXIT|[1]|Fizzbuzz
21:17:25.0 (6092740)|METHOD_ENTRY|[22]|01p2v00000RDw2c|Fizzbuzz.getInstance()
21:17:25.0 (6123937)|HEAP_ALLOCATE|[6]|Bytes:5
21:17:25.0 (6129771)|STATEMENT_EXECUTE|[5]
21:17:25.0 (6131478)|STATEMENT_EXECUTE|[6]
21:17:25.0 (6146673)|METHOD_EXIT|[22]|01p2v00000RDw2c|Fizzbuzz.getInstance()
21:17:25.0 (6171336)|METHOD_ENTRY|[22]|01p2v00000RDw2c|Fizzbuzz.fizzBuzz(Integer)
21:17:25.0 (6179589)|VARIABLE_SCOPE_BEGIN|[11]|this|Fizzbuzz|true|false
21:17:25.0 (6195537)|VARIABLE_ASSIGNMENT|[11]|this|{}|0x749e499e
21:17:25.0 (6206164)|VARIABLE_SCOPE_BEGIN|[11]|num|Integer|false|false
21:17:25.0 (6218341)|VARIABLE_ASSIGNMENT|[11]|num|5
21:17:25.0 (6230017)|HEAP_ALLOCATE|[12]|Bytes:5
21:17:25.0 (6234874)|STATEMENT_EXECUTE|[11]
21:17:25.0 (6236517)|STATEMENT_EXECUTE|[12]
21:17:25.0 (6281171)|VARIABLE_SCOPE_BEGIN|[2]|System.Math.E|Double|false|true
21:17:25.0 (6296843)|VARIABLE_SCOPE_BEGIN|[3]|System.Math.PI|Double|false|true
21:17:25.0 (6312514)|HEAP_ALLOCATE|[12]|Bytes:206
21:17:25.0 (6324134)|SYSTEM_METHOD_ENTRY|[1]|Math.Math()
21:17:25.0 (6328100)|STATEMENT_EXECUTE|[1]
21:17:25.0 (6373194)|SYSTEM_METHOD_EXIT|[1]|Math
21:17:25.0 (6392613)|METHOD_ENTRY|[12]||System.Math.mod(Integer, Integer)
21:17:25.0 (6531293)|METHOD_EXIT|[12]||System.Math.mod(Integer, Integer)
21:17:25.0 (6541747)|VARIABLE_SCOPE_BEGIN|[12]|isFizz|Boolean|false|false
21:17:25.0 (6553868)|HEAP_ALLOCATE|[12]|Bytes:5
21:17:25.0 (6585033)|VARIABLE_ASSIGNMENT|[12]|isFizz|false
21:17:25.0 (6594671)|STATEMENT_EXECUTE|[13]
21:17:25.0 (6604978)|METHOD_ENTRY|[13]||System.Math.mod(Integer, Integer)
21:17:25.0 (6644971)|METHOD_EXIT|[13]||System.Math.mod(Integer, Integer)
21:17:25.0 (6651837)|VARIABLE_SCOPE_BEGIN|[13]|isBuzz|Boolean|false|false
21:17:25.0 (6662355)|HEAP_ALLOCATE|[13]|Bytes:5
21:17:25.0 (6669855)|VARIABLE_ASSIGNMENT|[13]|isBuzz|true
21:17:25.0 (6676344)|STATEMENT_EXECUTE|[14]
21:17:25.0 (6677913)|STATEMENT_EXECUTE|[15]
21:17:25.0 (6679456)|STATEMENT_EXECUTE|[16]
21:17:25.0 (6680849)|STATEMENT_EXECUTE|[16]
21:17:25.0 (6688479)|METHOD_EXIT|[22]|01p2v00000RDw2c|Fizzbuzz.fizzBuzz(Integer)
21:17:25.0 (6695521)|HEAP_ALLOCATE|[22]|Bytes:6
21:17:25.0 (6791414)|SYSTEM_MODE_EXIT|false
21:17:25.6 (6810387)|CUMULATIVE_LIMIT_USAGE
21:17:25.6 (6810387)|LIMIT_USAGE_FOR_NS|(default)|
  Number of SOQL queries: 0 out of 100
  Number of query rows: 0 out of 50000
  Number of SOSL queries: 0 out of 20
  Number of DML statements: 0 out of 150
  Number of DML rows: 0 out of 10000
  Maximum CPU time: 0 out of 10000
  Maximum heap size: 0 out of 6000000
  Number of callouts: 0 out of 100
  Number of Email Invocations: 0 out of 10
  Number of future calls: 0 out of 50
  Number of queueable jobs added to the queue: 0 out of 50
  Number of Mobile Apex push calls: 0 out of 10

21:17:25.6 (6810387)|CUMULATIVE_LIMIT_USAGE_END

21:17:25.0 (6855580)|CODE_UNIT_FINISHED|TestFizzBuzz.Buzz_Test()
21:17:25.0 (8641509)|EXECUTION_FINISHED
21:17:25.22 (22279605)|USER_INFO|[EXTERNAL]|0052v00000U12l6|wfower@white-azalea.net|(GMT+09:00) 日本標準時 (Asia/Tokyo)|GMT+09:00
21:17:25.22 (22307885)|EXECUTION_STARTED
21:17:25.22 (22313533)|CODE_UNIT_STARTED|[EXTERNAL]|01p2v00000RDw3B|TestFizzBuzz.FizzBuzz_Test()
21:17:25.22 (22443031)|HEAP_ALLOCATE|[79]|Bytes:3
21:17:25.22 (22481465)|HEAP_ALLOCATE|[84]|Bytes:152
21:17:25.22 (22497908)|HEAP_ALLOCATE|[399]|Bytes:408
21:17:25.22 (22513884)|HEAP_ALLOCATE|[412]|Bytes:408
21:17:25.22 (22526154)|HEAP_ALLOCATE|[520]|Bytes:48
21:17:25.22 (22550951)|HEAP_ALLOCATE|[139]|Bytes:6
21:17:25.22 (22566656)|HEAP_ALLOCATE|[EXTERNAL]|Bytes:17
21:17:25.22 (22579136)|METHOD_ENTRY|[2]|01p2v00000RDw3B|TestFizzBuzz.TestFizzBuzz()
21:17:25.22 (22586709)|STATEMENT_EXECUTE|[2]
21:17:25.22 (22592306)|STATEMENT_EXECUTE|[2]
21:17:25.22 (23141634)|SYSTEM_MODE_ENTER|false
21:17:25.22 (23176651)|HEAP_ALLOCATE|[52]|Bytes:5
21:17:25.22 (23202796)|HEAP_ALLOCATE|[58]|Bytes:5
21:17:25.22 (23213182)|HEAP_ALLOCATE|[66]|Bytes:7
21:17:25.22 (23225988)|HEAP_ALLOCATE|[EXTERNAL]|Bytes:5
21:17:25.22 (23234720)|SYSTEM_MODE_EXIT|false
21:17:25.22 (23244306)|METHOD_EXIT|[2]|TestFizzBuzz
21:17:25.22 (23283091)|SYSTEM_MODE_ENTER|false
21:17:25.22 (23296772)|HEAP_ALLOCATE|[32]|Bytes:5
21:17:25.22 (23301850)|STATEMENT_EXECUTE|[26]
21:17:25.22 (23303952)|STATEMENT_EXECUTE|[31]
21:17:25.22 (23306797)|HEAP_ALLOCATE|[32]|Bytes:8
21:17:25.22 (23318370)|VARIABLE_SCOPE_BEGIN|[3]|Fizzbuzz.instance|Fizzbuzz|true|true
21:17:25.22 (23331727)|HEAP_ALLOCATE|[32]|Bytes:6
21:17:25.22 (23340317)|METHOD_ENTRY|[1]|01p2v00000RDw2c|Fizzbuzz.Fizzbuzz()
21:17:25.22 (23345535)|STATEMENT_EXECUTE|[1]
21:17:25.22 (23348186)|STATEMENT_EXECUTE|[1]
21:17:25.22 (23352632)|HEAP_ALLOCATE|[3]|Bytes:5
21:17:25.22 (23356792)|STATEMENT_EXECUTE|[3]
21:17:25.22 (23361518)|HEAP_ALLOCATE|[3]|Bytes:4
21:17:25.22 (23372782)|CONSTRUCTOR_ENTRY|[3]|01p2v00000RDw2c|<init>()|Fizzbuzz
21:17:25.22 (23382816)|VARIABLE_SCOPE_BEGIN|[9]|this|Fizzbuzz|true|false
21:17:25.22 (23428528)|VARIABLE_ASSIGNMENT|[9]|this|{}|0x221b3bed
21:17:25.22 (23442649)|HEAP_ALLOCATE|[32]|Bytes:5
21:17:25.22 (23447713)|STATEMENT_EXECUTE|[1]
21:17:25.22 (23450476)|HEAP_ALLOCATE|[32]|Bytes:5
21:17:25.22 (23460339)|HEAP_ALLOCATE|[32]|Bytes:6
21:17:25.22 (23481760)|STATEMENT_EXECUTE|[9]
21:17:25.22 (23488570)|CONSTRUCTOR_EXIT|[3]|01p2v00000RDw2c|<init>()|Fizzbuzz
21:17:25.22 (23507741)|VARIABLE_ASSIGNMENT|[3]|Fizzbuzz.instance|{}|0x221b3bed
21:17:25.22 (23517450)|METHOD_EXIT|[1]|Fizzbuzz
21:17:25.22 (23526744)|METHOD_ENTRY|[32]|01p2v00000RDw2c|Fizzbuzz.getInstance()
21:17:25.22 (23551071)|HEAP_ALLOCATE|[6]|Bytes:5
21:17:25.22 (23556460)|STATEMENT_EXECUTE|[5]
21:17:25.22 (23558014)|STATEMENT_EXECUTE|[6]
21:17:25.22 (23568808)|METHOD_EXIT|[32]|01p2v00000RDw2c|Fizzbuzz.getInstance()
21:17:25.22 (23583292)|METHOD_ENTRY|[32]|01p2v00000RDw2c|Fizzbuzz.fizzBuzz(Integer)
21:17:25.22 (23589793)|VARIABLE_SCOPE_BEGIN|[11]|this|Fizzbuzz|true|false
21:17:25.22 (23604845)|VARIABLE_ASSIGNMENT|[11]|this|{}|0x221b3bed
21:17:25.22 (23612163)|VARIABLE_SCOPE_BEGIN|[11]|num|Integer|false|false
21:17:25.22 (23622307)|VARIABLE_ASSIGNMENT|[11]|num|15
21:17:25.22 (23632933)|HEAP_ALLOCATE|[12]|Bytes:5
21:17:25.22 (23637579)|STATEMENT_EXECUTE|[11]
21:17:25.22 (23639305)|STATEMENT_EXECUTE|[12]
21:17:25.22 (23649700)|VARIABLE_SCOPE_BEGIN|[2]|System.Math.E|Double|false|true
21:17:25.22 (23657760)|VARIABLE_SCOPE_BEGIN|[3]|System.Math.PI|Double|false|true
21:17:25.22 (23671238)|HEAP_ALLOCATE|[12]|Bytes:206
21:17:25.22 (23680437)|SYSTEM_METHOD_ENTRY|[1]|Math.Math()
21:17:25.22 (23684222)|STATEMENT_EXECUTE|[1]
21:17:25.22 (23726111)|SYSTEM_METHOD_EXIT|[1]|Math
21:17:25.22 (23736424)|METHOD_ENTRY|[12]||System.Math.mod(Integer, Integer)
21:17:25.22 (23779448)|METHOD_EXIT|[12]||System.Math.mod(Integer, Integer)
21:17:25.22 (23788462)|VARIABLE_SCOPE_BEGIN|[12]|isFizz|Boolean|false|false
21:17:25.22 (23797899)|HEAP_ALLOCATE|[12]|Bytes:5
21:17:25.22 (23806590)|VARIABLE_ASSIGNMENT|[12]|isFizz|true
21:17:25.22 (23811754)|STATEMENT_EXECUTE|[13]
21:17:25.22 (23817225)|METHOD_ENTRY|[13]||System.Math.mod(Integer, Integer)
21:17:25.22 (23839073)|METHOD_EXIT|[13]||System.Math.mod(Integer, Integer)
21:17:25.22 (23845166)|VARIABLE_SCOPE_BEGIN|[13]|isBuzz|Boolean|false|false
21:17:25.22 (23853362)|HEAP_ALLOCATE|[13]|Bytes:5
21:17:25.22 (23859613)|VARIABLE_ASSIGNMENT|[13]|isBuzz|true
21:17:25.22 (23865553)|STATEMENT_EXECUTE|[14]
21:17:25.22 (23867054)|STATEMENT_EXECUTE|[14]
21:17:25.22 (23873659)|METHOD_EXIT|[32]|01p2v00000RDw2c|Fizzbuzz.fizzBuzz(Integer)
21:17:25.22 (23880447)|HEAP_ALLOCATE|[32]|Bytes:4
21:17:25.22 (23924910)|SYSTEM_MODE_EXIT|false
21:17:25.23 (23936962)|CUMULATIVE_LIMIT_USAGE
21:17:25.23 (23936962)|LIMIT_USAGE_FOR_NS|(default)|
  Number of SOQL queries: 0 out of 100
  Number of query rows: 0 out of 50000
  Number of SOSL queries: 0 out of 20
  Number of DML statements: 0 out of 150
  Number of DML rows: 0 out of 10000
  Maximum CPU time: 0 out of 10000
  Maximum heap size: 0 out of 6000000
  Number of callouts: 0 out of 100
  Number of Email Invocations: 0 out of 10
  Number of future calls: 0 out of 50
  Number of queueable jobs added to the queue: 0 out of 50
  Number of Mobile Apex push calls: 0 out of 10

21:17:25.23 (23936962)|CUMULATIVE_LIMIT_USAGE_END

21:17:25.22 (23962744)|CODE_UNIT_FINISHED|TestFizzBuzz.FizzBuzz_Test()
21:17:25.22 (25947165)|EXECUTION_FINISHED
21:17:25.35 (35930341)|USER_INFO|[EXTERNAL]|0052v00000U12l6|wfower@white-azalea.net|(GMT+09:00) 日本標準時 (Asia/Tokyo)|GMT+09:00
21:17:25.35 (35951844)|EXECUTION_STARTED
21:17:25.35 (35957471)|CODE_UNIT_STARTED|[EXTERNAL]|01p2v00000RDw3B|TestFizzBuzz.Fizz_Test()
21:17:25.35 (36078209)|HEAP_ALLOCATE|[79]|Bytes:3
21:17:25.35 (36113728)|HEAP_ALLOCATE|[84]|Bytes:152
21:17:25.35 (36130133)|HEAP_ALLOCATE|[399]|Bytes:408
21:17:25.35 (36146930)|HEAP_ALLOCATE|[412]|Bytes:408
21:17:25.35 (36159262)|HEAP_ALLOCATE|[520]|Bytes:48
21:17:25.35 (36183900)|HEAP_ALLOCATE|[139]|Bytes:6
21:17:25.35 (36200438)|HEAP_ALLOCATE|[EXTERNAL]|Bytes:17
21:17:25.35 (36211640)|METHOD_ENTRY|[2]|01p2v00000RDw3B|TestFizzBuzz.TestFizzBuzz()
21:17:25.35 (36219075)|STATEMENT_EXECUTE|[2]
21:17:25.35 (36223996)|STATEMENT_EXECUTE|[2]
21:17:25.35 (36692272)|SYSTEM_MODE_ENTER|false
21:17:25.35 (36725241)|HEAP_ALLOCATE|[52]|Bytes:5
21:17:25.35 (36750533)|HEAP_ALLOCATE|[58]|Bytes:5
21:17:25.35 (36761317)|HEAP_ALLOCATE|[66]|Bytes:7
21:17:25.35 (36774595)|HEAP_ALLOCATE|[EXTERNAL]|Bytes:5
21:17:25.35 (36782885)|SYSTEM_MODE_EXIT|false
21:17:25.35 (36792028)|METHOD_EXIT|[2]|TestFizzBuzz
21:17:25.35 (36828215)|SYSTEM_MODE_ENTER|false
21:17:25.35 (36835610)|HEAP_ALLOCATE|[11]|Bytes:5
21:17:25.35 (36840671)|STATEMENT_EXECUTE|[5]
21:17:25.35 (36842653)|STATEMENT_EXECUTE|[10]
21:17:25.35 (36845610)|HEAP_ALLOCATE|[11]|Bytes:4
21:17:25.35 (36857197)|VARIABLE_SCOPE_BEGIN|[3]|Fizzbuzz.instance|Fizzbuzz|true|true
21:17:25.35 (36870446)|HEAP_ALLOCATE|[11]|Bytes:6
21:17:25.35 (36879126)|METHOD_ENTRY|[1]|01p2v00000RDw2c|Fizzbuzz.Fizzbuzz()
21:17:25.35 (36884173)|STATEMENT_EXECUTE|[1]
21:17:25.35 (36886940)|STATEMENT_EXECUTE|[1]
21:17:25.35 (36890941)|HEAP_ALLOCATE|[3]|Bytes:5
21:17:25.35 (36894823)|STATEMENT_EXECUTE|[3]
21:17:25.35 (36898750)|HEAP_ALLOCATE|[3]|Bytes:4
21:17:25.35 (36909211)|CONSTRUCTOR_ENTRY|[3]|01p2v00000RDw2c|<init>()|Fizzbuzz
21:17:25.35 (36919924)|VARIABLE_SCOPE_BEGIN|[9]|this|Fizzbuzz|true|false
21:17:25.35 (36964772)|VARIABLE_ASSIGNMENT|[9]|this|{}|0x592cf6a7
21:17:25.35 (36977894)|HEAP_ALLOCATE|[11]|Bytes:5
21:17:25.35 (36983037)|STATEMENT_EXECUTE|[1]
21:17:25.35 (36985924)|HEAP_ALLOCATE|[11]|Bytes:5
21:17:25.35 (36994819)|HEAP_ALLOCATE|[11]|Bytes:6
21:17:25.35 (37016433)|STATEMENT_EXECUTE|[9]
21:17:25.35 (37023618)|CONSTRUCTOR_EXIT|[3]|01p2v00000RDw2c|<init>()|Fizzbuzz
21:17:25.35 (37042994)|VARIABLE_ASSIGNMENT|[3]|Fizzbuzz.instance|{}|0x592cf6a7
21:17:25.35 (37053298)|METHOD_EXIT|[1]|Fizzbuzz
21:17:25.35 (37062766)|METHOD_ENTRY|[11]|01p2v00000RDw2c|Fizzbuzz.getInstance()
21:17:25.35 (37086578)|HEAP_ALLOCATE|[6]|Bytes:5
21:17:25.35 (37092070)|STATEMENT_EXECUTE|[5]
21:17:25.35 (37093642)|STATEMENT_EXECUTE|[6]
21:17:25.35 (37103585)|METHOD_EXIT|[11]|01p2v00000RDw2c|Fizzbuzz.getInstance()
21:17:25.35 (37117276)|METHOD_ENTRY|[11]|01p2v00000RDw2c|Fizzbuzz.fizzBuzz(Integer)
21:17:25.35 (37123881)|VARIABLE_SCOPE_BEGIN|[11]|this|Fizzbuzz|true|false
21:17:25.35 (37138641)|VARIABLE_ASSIGNMENT|[11]|this|{}|0x592cf6a7
21:17:25.35 (37146101)|VARIABLE_SCOPE_BEGIN|[11]|num|Integer|false|false
21:17:25.35 (37156536)|VARIABLE_ASSIGNMENT|[11]|num|3
21:17:25.35 (37167382)|HEAP_ALLOCATE|[12]|Bytes:5
21:17:25.35 (37172131)|STATEMENT_EXECUTE|[11]
21:17:25.35 (37173945)|STATEMENT_EXECUTE|[12]
21:17:25.35 (37183952)|VARIABLE_SCOPE_BEGIN|[2]|System.Math.E|Double|false|true
21:17:25.35 (37192402)|VARIABLE_SCOPE_BEGIN|[3]|System.Math.PI|Double|false|true
21:17:25.35 (37205376)|HEAP_ALLOCATE|[12]|Bytes:206
21:17:25.35 (37214036)|SYSTEM_METHOD_ENTRY|[1]|Math.Math()
21:17:25.35 (37217888)|STATEMENT_EXECUTE|[1]
21:17:25.35 (37257968)|SYSTEM_METHOD_EXIT|[1]|Math
21:17:25.35 (37267440)|METHOD_ENTRY|[12]||System.Math.mod(Integer, Integer)
21:17:25.35 (37317402)|METHOD_EXIT|[12]||System.Math.mod(Integer, Integer)
21:17:25.35 (37326186)|VARIABLE_SCOPE_BEGIN|[12]|isFizz|Boolean|false|false
21:17:25.35 (37336212)|HEAP_ALLOCATE|[12]|Bytes:5
21:17:25.35 (37344959)|VARIABLE_ASSIGNMENT|[12]|isFizz|true
21:17:25.35 (37350019)|STATEMENT_EXECUTE|[13]
21:17:25.35 (37355568)|METHOD_ENTRY|[13]||System.Math.mod(Integer, Integer)
21:17:25.35 (37378131)|METHOD_EXIT|[13]||System.Math.mod(Integer, Integer)
21:17:25.35 (37384117)|VARIABLE_SCOPE_BEGIN|[13]|isBuzz|Boolean|false|false
21:17:25.35 (37392992)|HEAP_ALLOCATE|[13]|Bytes:5
21:17:25.35 (37399044)|VARIABLE_ASSIGNMENT|[13]|isBuzz|false
21:17:25.35 (37404887)|STATEMENT_EXECUTE|[14]
21:17:25.35 (37406700)|STATEMENT_EXECUTE|[15]
21:17:25.35 (37408651)|STATEMENT_EXECUTE|[15]
21:17:25.35 (37415453)|METHOD_EXIT|[11]|01p2v00000RDw2c|Fizzbuzz.fizzBuzz(Integer)
21:17:25.35 (37422000)|HEAP_ALLOCATE|[11]|Bytes:6
21:17:25.35 (37463194)|SYSTEM_MODE_EXIT|false
21:17:25.37 (37474294)|CUMULATIVE_LIMIT_USAGE
21:17:25.37 (37474294)|LIMIT_USAGE_FOR_NS|(default)|
  Number of SOQL queries: 0 out of 100
  Number of query rows: 0 out of 50000
  Number of SOSL queries: 0 out of 20
  Number of DML statements: 0 out of 150
  Number of DML rows: 0 out of 10000
  Maximum CPU time: 0 out of 10000
  Maximum heap size: 0 out of 6000000
  Number of callouts: 0 out of 100
  Number of Email Invocations: 0 out of 10
  Number of future calls: 0 out of 50
  Number of queueable jobs added to the queue: 0 out of 50
  Number of Mobile Apex push calls: 0 out of 10

21:17:25.37 (37474294)|CUMULATIVE_LIMIT_USAGE_END

21:17:25.35 (37499207)|CODE_UNIT_FINISHED|TestFizzBuzz.Fizz_Test()
21:17:25.35 (39334033)|EXECUTION_FINISHED

